<?xml version="1.0" encoding="UTF-8"?>
<!-- Generated by org.testng.reporters.JUnitReportReporter -->
<testsuite hostname="LAPTOP-CVVOB1KD" failures="0" tests="1" name="restServices.GetRequest" time="4.434" errors="0" timestamp="2020-05-02T23:29:24 IST" skipped="0">
  <testcase classname="restServices.GetRequest" name="getRequest" time="4.434"/>
  <system-out/>
</testsuite> <!-- restServices.GetRequest -->
