<?xml version="1.0" encoding="UTF-8"?>
<!-- Generated by org.testng.reporters.JUnitReportReporter -->
<testsuite hostname="LAPTOP-CVVOB1KD" failures="0" tests="1" name="com.APIFramework.APITestCases.HTTPMethod_POST" time="1.055" errors="0" timestamp="2020-05-17T01:02:30 IST" skipped="0">
  <testcase classname="com.APIFramework.APITestCases.HTTPMethod_POST" name="postEmployeeData" time="1.055"/>
  <system-out>
Request log :: {"name":"Sumanth","salary":"394","age":"16"} Response log :: {"status":"success","data":{"name":"Sumanth","salary":"394","age":"16","id":86}}  </system-out>
</testsuite> <!-- com.APIFramework.APITestCases.HTTPMethod_POST -->
