<?xml version="1.0" encoding="UTF-8"?>
<!-- Generated by org.testng.reporters.JUnitReportReporter -->
<testsuite hostname="LAPTOP-CVVOB1KD" failures="0" tests="2" name="com.APIFramework.APITestCases.HTTPMethod_GET2" time="0.327" errors="0" timestamp="2020-05-16T14:16:15 IST" skipped="0">
  <testcase classname="com.APIFramework.APITestCases.HTTPMethod_GET2" name="setEmployeeData" time="0.147"/>
  <system-out/>
  <testcase classname="com.APIFramework.APITestCases.HTTPMethod_GET2" name="getEmployeeData" time="0.180"/>
  <system-out/>
</testsuite> <!-- com.APIFramework.APITestCases.HTTPMethod_GET2 -->
