<?xml version="1.0" encoding="UTF-8"?>
<!-- Generated by org.testng.reporters.JUnitReportReporter -->
<testsuite hostname="LAPTOP-CVVOB1KD" failures="0" tests="1" name="com.APIFramework.BDDTestCases.GetRequest" time="3.856" errors="0" timestamp="2020-05-17T01:02:30 IST" skipped="0">
  <testcase classname="com.APIFramework.BDDTestCases.GetRequest" name="getRequest" time="3.856"/>
  <system-out>
Request log :: http://restapi.demoqa.com/utilities/weather/city/Hyderabad Response log :: {
    "City": "Hyderabad",
    "Temperature": "27 Degree celsius",
    "Humidity": "83 Percent",
    "WeatherDescription": "haze",
    "WindSpeed": "2.1 Km per hour",
    "WindDirectionDegree": "150 Degree"
}  </system-out>
</testsuite> <!-- com.APIFramework.BDDTestCases.GetRequest -->
