<?xml version="1.0" encoding="UTF-8"?>
<!-- Generated by org.testng.reporters.JUnitReportReporter -->
<testsuite hostname="LAPTOP-CVVOB1KD" failures="0" tests="1" name="com.APIFramework.APITestCases.HTTPMethod_PUT" time="1.104" errors="0" timestamp="2020-05-17T01:02:30 IST" skipped="0">
  <testcase classname="com.APIFramework.APITestCases.HTTPMethod_PUT" name="putEmployeeData" time="1.104"/>
  <system-out>
Request log :: http://dummy.restapiexample.com/api/v1/update/43 Response log :: {"status":"success","data":null}  </system-out>
</testsuite> <!-- com.APIFramework.APITestCases.HTTPMethod_PUT -->
